<?xml version="1.0" encoding="UTF-8"?>
<testng-results ignored="0" total="1" passed="1" failed="0" skipped="0">
  <reporter-output>
  </reporter-output>
  <suite started-at="2021-02-27T14:50:48 IST" name="Default suite" finished-at="2021-02-27T14:51:11 IST" duration-ms="22501">
    <groups>
    </groups>
    <test started-at="2021-02-27T14:50:48 IST" name="Default test" finished-at="2021-02-27T14:51:11 IST" duration-ms="22501">
      <class name="atc.saf.automationpractice">
        <test-method is-config="true" signature="setUpTest()[pri:0, instance:atc.saf.automationpractice@672872e1]" started-at="2021-02-27T14:50:48 IST" name="setUpTest" finished-at="2021-02-27T14:50:50 IST" duration-ms="2299" status="PASS">
          <reporter-output>
          </reporter-output>
        </test-method> <!-- setUpTest -->
        <test-method signature="verifyHeaderFooter()[pri:0, instance:atc.saf.automationpractice@672872e1]" started-at="2021-02-27T14:50:51 IST" name="verifyHeaderFooter" finished-at="2021-02-27T14:51:10 IST" duration-ms="19356" status="PASS">
          <reporter-output>
          </reporter-output>
        </test-method> <!-- verifyHeaderFooter -->
        <test-method is-config="true" signature="tearDownTest()[pri:0, instance:atc.saf.automationpractice@672872e1]" started-at="2021-02-27T14:51:10 IST" name="tearDownTest" finished-at="2021-02-27T14:51:11 IST" duration-ms="791" status="PASS">
          <reporter-output>
          </reporter-output>
        </test-method> <!-- tearDownTest -->
      </class> <!-- atc.saf.automationpractice -->
    </test> <!-- Default test -->
  </suite> <!-- Default suite -->
</testng-results>
